o:\fluids3\releasegpu\vc140.pdb
o:\fluids3\releasegpu\main.obj
o:\fluids3\releasegpu\fluid_system.obj
o:\fluids3\releasegpu\xml_settings.obj
o:\fluids3\releasegpu\app_util.obj
o:\fluids3\releasegpu\app_perf.obj
o:\fluids3\release\fluid_system_cu.obj
o:\fluids3\release\fluid_system_kern.obj
o:\fluids3\releasegpu\fluids_v3.exe
o:\fluids3\releasegpu\fluids_v3.ipdb
o:\fluids3\releasegpu\fluids_v3.iobj
o:\fluids3\releasegpu\scene.xml
o:\fluids3\releasegpu\fluids_v3.tlog\cl.command.1.tlog
o:\fluids3\releasegpu\fluids_v3.tlog\cl.read.1.tlog
o:\fluids3\releasegpu\fluids_v3.tlog\cl.write.1.tlog
o:\fluids3\releasegpu\fluids_v3.tlog\custombuild.command.1.tlog
o:\fluids3\releasegpu\fluids_v3.tlog\custombuild.read.1.tlog
o:\fluids3\releasegpu\fluids_v3.tlog\custombuild.write.1.tlog
o:\fluids3\releasegpu\fluids_v3.tlog\link.command.1.tlog
o:\fluids3\releasegpu\fluids_v3.tlog\link.read.1.tlog
o:\fluids3\releasegpu\fluids_v3.tlog\link.write.1.tlog
